Drill report for AudioCase_1_main.kicad_pcb
Created on 2026-06-05T02:16:12

Copper Layer Stackup:
    =============================================================
    L1 :  F.Cu                      front
    L2 :  B.Cu                      back


Drill file 'AudioCase_1_main.drl' contains
    plated through holes:
    =============================================================
    T1  0.300mm  0.0118"  (43 holes))
    T2  0.800mm  0.0315"  (62 holes))
    T3  0.900mm  0.0354"  (3 holes))
    T4  1.000mm  0.0394"  (151 holes))
    T5  1.200mm  0.0472"  (2 holes))
    T6  1.300mm  0.0512"  (26 holes))

    Total plated holes count 287


Not plated through holes are merged with plated holes
    unplated through holes:
    =============================================================
    T7  1.850mm  0.0728"  (2 holes))
    T8  2.200mm  0.0866"  (2 holes))
    T9  3.200mm  0.1260"  (4 holes))

    Total unplated holes count 8
