Drill report for AudioCase_3_power.kicad_pcb
Created on 2026-06-05T16:19:39

Copper Layer Stackup:
    =============================================================
    L1 :  F.Cu                      front
    L2 :  B.Cu                      back


Drill file 'AudioCase_3_power.drl' contains
    plated through holes:
    =============================================================
    T1  0.300mm  0.0118"  (9 holes))
    T2  0.800mm  0.0315"  (6 holes))
    T3  0.850mm  0.0335"  (7 holes))
    T4  1.200mm  0.0472"  (2 holes))
    T5  1.300mm  0.0512"  (5 holes))

    Total plated holes count 29


Not plated through holes are merged with plated holes
    unplated through holes:
    =============================================================
    T6  3.200mm  0.1260"  (4 holes))

    Total unplated holes count 4
